***************** Reading Property file ********************
***************** Launching Chrome Browser ********************
***************** URL Loaded ********************
***************** Reading Property file ********************
***************** Launching Chrome Browser ********************
***************** URL Loaded ********************
***************** Reading Property file ********************
***************** Launching Chrome Browser ********************
***************** URL Loaded ********************
***************** Reading Property file ********************
***************** Launching Chrome Browser ********************
***************** URL Loaded ********************
***************** Starting Test Case ********************
***************** Clicked on My Account ********************
***************** Clicked on Registration page ********************
***************** Landed on Registration page ********************
***************** Validating ********************
***************** Reading Property file ********************
***************** Launching Chrome Browser ********************
***************** URL Loaded ********************
***************** Starting Test Case ********************
***************** Clicked on My Account ********************
***************** Clicked on Registration page ********************
***************** Landed on Registration page ********************
***************** Validating ********************
***************** Reading Property file ********************
***************** Launching Chrome Browser ********************
***************** URL Loaded ********************
***************** Starting Test Case ********************
***************** Clicked on My Account ********************
***************** Clicked on Registration page ********************
***************** Landed on Registration page ********************
***************** Validating ********************
***************** Reading Property file ********************
***************** Launching Chrome Browser ********************
***************** URL Loaded ********************
***************** Starting Test Case ********************
***************** Clicked on My Account ********************
***************** Clicked on Registration page ********************
***************** Landed on Registration page ********************
***************** Validating ********************
***************** Reading Property file ********************
***************** Launching Chrome Browser ********************
***************** URL Loaded ********************
***************** Reading Property file ********************
***************** Launching Chrome Browser ********************
***************** URL Loaded ********************
***************** Reading Property file ********************
***************** Launching Chrome Browser ********************
***************** URL Loaded ********************
***************** Reading Property file ********************
***************** Launching Chrome Browser ********************
***************** URL Loaded ********************
***************** Reading Property file ********************
***************** Launching Chrome Browser ********************
***************** URL Loaded ********************
***************** Reading Property file ********************
***************** Launching Chrome Browser ********************
***************** URL Loaded ********************
***************** Reading Property file ********************
***************** Launching Chrome Browser ********************
***************** URL Loaded ********************
***************** Starting Test Case ********************
***************** Clicked on My Account ********************
***************** Clicked on Registration page ********************
***************** Landed on Registration page ********************
***************** Validating ********************
***************** Reading Property file ********************
***************** Launching Chrome Browser ********************
***************** URL Loaded ********************
***************** Starting Test Case ********************
***************** Clicked on My Account ********************
***************** Clicked on Registration page ********************
***************** Landed on Registration page ********************
***************** Validating ********************
***************** Reading Property file ********************
***************** Launching Chrome Browser ********************
***************** URL Loaded ********************
***************** Starting Test Case ********************
***************** Clicked on My Account ********************
***************** Clicked on Registration page ********************
***************** Landed on Registration page ********************
***************** Validating ********************
***************** Reading Property file ********************
***************** Launching Chrome Browser ********************
***************** URL Loaded ********************
***************** Starting Test Case ********************
***************** Clicked on My Account ********************
***************** Clicked on Registration page ********************
***************** Landed on Registration page ********************
***************** Validating ********************
***************** Reading Property file ********************
***************** Launching Chrome Browser ********************
***************** URL Loaded ********************
***************** Starting Test Case ********************
***************** Clicked on My Account ********************
***************** Clicked on Registration page ********************
***************** Landed on Registration page ********************
***************** Validating ********************
***************** Reading Property file ********************
***************** Launching Chrome Browser ********************
***************** URL Loaded ********************
***************** Starting Test Case ********************
***************** Clicked on My Account ********************
***************** Clicked on Registration page ********************
***************** Landed on Registration page ********************
***************** Validating ********************
***************** Reading Property file ********************
***************** Launching Chrome Browser ********************
***************** URL Loaded ********************
***************** Starting Test Case ********************
***************** Clicked on My Account ********************
***************** Clicked on Registration page ********************
***************** Landed on Registration page ********************
***************** Validating ********************
***************** Reading Property file ********************
***************** Launching Chrome Browser ********************
***************** URL Loaded ********************
***************** Starting Test Case ********************
***************** Clicked on My Account ********************
***************** Clicked on Registration page ********************
***************** Landed on Registration page ********************
***************** Validating ********************
***************** Reading Property file ********************
***************** Launching Chrome Browser ********************
***************** URL Loaded ********************
***************** Starting Test Case ********************
***************** Clicked on My Account ********************
***************** Clicked on Registration page ********************
***************** Landed on Registration page ********************
***************** Validating ********************
***************** Reading Property file ********************
***************** Launching Chrome Browser ********************
***************** URL Loaded ********************
***************** Reading Property file ********************
***************** Launching Chrome Browser ********************
***************** URL Loaded ********************
***************** Reading Property file ********************
***************** Launching Chrome Browser ********************
***************** URL Loaded ********************
***************** Starting Test Case ********************
***************** Clicked on My Account ********************
***************** Clicked on Registration page ********************
***************** Landed on Registration page ********************
***************** Validating ********************
***************** Reading Property file ********************
***************** Launching Chrome Browser ********************
***************** URL Loaded ********************
***************** Starting Test Case ********************
***************** Clicked on My Account ********************
***************** Clicked on Registration page ********************
***************** Landed on Registration page ********************
***************** Validating ********************
***************** Reading Property file ********************
***************** Launching Chrome Browser ********************
***************** URL Loaded ********************
***************** Starting Test Case ********************
***************** Clicked on My Account ********************
***************** Clicked on Registration page ********************
***************** Landed on Registration page ********************
***************** Validating ********************
***************** Reading Property file ********************
***************** Launching Chrome Browser ********************
***************** URL Loaded ********************
***************** Starting Test Case ********************
***************** Clicked on My Account ********************
***************** Clicked on Registration page ********************
***************** Landed on Registration page ********************
***************** Validating ********************
***************** Reading Property file ********************
***************** Launching Chrome Browser ********************
***************** URL Loaded ********************
***************** Starting Test Case ********************
***************** Clicked on My Account ********************
***************** Clicked on Registration page ********************
***************** Landed on Registration page ********************
***************** Validating ********************
***************** Reading Property file ********************
***************** Launching Chrome Browser ********************
***************** URL Loaded ********************
***************** Starting Test Case ********************
***************** Clicked on My Account ********************
***************** Clicked on Registration page ********************
***************** Landed on Registration page ********************
***************** Validating ********************
***************** Reading Property file ********************
***************** Launching Chrome Browser ********************
***************** URL Loaded ********************
***************** Reading Property file ********************
***************** Launching Chrome Browser ********************
***************** URL Loaded ********************
***************** Reading Property file ********************
***************** Launching Chrome Browser ********************
***************** URL Loaded ********************
***************** Reading Property file ********************
***************** Launching Chrome Browser ********************
***************** URL Loaded ********************
***************** Reading Property file ********************
***************** Launching Chrome Browser ********************
***************** URL Loaded ********************
***************** Reading Property file ********************
***************** Launching Chrome Browser ********************
***************** URL Loaded ********************
***************** Reading Property file ********************
***************** Launching Chrome Browser ********************
***************** URL Loaded ********************
***************** Reading Property file ********************
***************** Launching Chrome Browser ********************
***************** URL Loaded ********************
***************** Reading Property file ********************
***************** Launching Chrome Browser ********************
***************** URL Loaded ********************
***************** Reading Property file ********************
***************** Launching Chrome Browser ********************
***************** URL Loaded ********************
***************** Reading Property file ********************
***************** Launching Chrome Browser ********************
***************** URL Loaded ********************
***************** Reading Property file ********************
***************** Launching Chrome Browser ********************
***************** URL Loaded ********************
***************** Reading Property file ********************
***************** Launching Chrome Browser ********************
***************** URL Loaded ********************
***************** Reading Property file ********************
***************** Launching Chrome Browser ********************
***************** URL Loaded ********************
***************** Reading Property file ********************
***************** Launching Chrome Browser ********************
***************** URL Loaded ********************
***************** Reading Property file ********************
***************** Launching Chrome Browser ********************
***************** URL Loaded ********************
***************** Reading Property file ********************
***************** Launching Chrome Browser ********************
***************** URL Loaded ********************
***************** Reading Property file ********************
***************** Launching Chrome Browser ********************
***************** URL Loaded ********************
***************** Reading Property file ********************
***************** Launching Chrome Browser ********************
***************** URL Loaded ********************
***************** Reading Property file ********************
***************** Launching Chrome Browser ********************
***************** URL Loaded ********************
***************** Reading Property file ********************
***************** Launching Chrome Browser ********************
***************** URL Loaded ********************
***************** Reading Property file ********************
***************** Launching Chrome Browser ********************
***************** URL Loaded ********************
***************** Reading Property file ********************
***************** Launching Chrome Browser ********************
***************** URL Loaded ********************
***************** Reading Property file ********************
***************** Launching Chrome Browser ********************
***************** URL Loaded ********************
{"@timestamp":"2024-12-05T13:46:10.199Z","ecs.version":"1.2.0","log.level":"INFO","message":"***************** Reading Property file ********************","process.thread.name":"main","log.logger":"qafox.testCases.ValidatingRegistration"}
{"@timestamp":"2024-12-05T13:46:10.201Z","ecs.version":"1.2.0","log.level":"INFO","message":"***************** Launching Chrome Browser ********************","process.thread.name":"main","log.logger":"qafox.testCases.ValidatingRegistration"}
{"@timestamp":"2024-12-05T13:46:12.371Z","ecs.version":"1.2.0","log.level":"INFO","message":"***************** URL Loaded ********************","process.thread.name":"main","log.logger":"qafox.testCases.ValidatingRegistration"}
{"@timestamp":"2024-12-05T13:50:36.879Z","ecs.version":"1.2.0","log.level":"INFO","message":"***************** Reading Property file ********************","process.thread.name":"main","log.logger":"qafox.testCases.ValidatingRegistration"}
{"@timestamp":"2024-12-05T13:50:36.882Z","ecs.version":"1.2.0","log.level":"INFO","message":"***************** Launching Chrome Browser ********************","process.thread.name":"main","log.logger":"qafox.testCases.ValidatingRegistration"}
{"@timestamp":"2024-12-05T13:50:38.970Z","ecs.version":"1.2.0","log.level":"INFO","message":"***************** URL Loaded ********************","process.thread.name":"main","log.logger":"qafox.testCases.ValidatingRegistration"}
{"@timestamp":"2024-12-05T13:54:58.413Z","ecs.version":"1.2.0","log.level":"INFO","message":"***************** Reading Property file ********************","process.thread.name":"main","log.logger":"qafox.testCases.ValidatingRegistration"}
{"@timestamp":"2024-12-05T13:54:58.415Z","ecs.version":"1.2.0","log.level":"INFO","message":"***************** Launching Chrome Browser ********************","process.thread.name":"main","log.logger":"qafox.testCases.ValidatingRegistration"}
{"@timestamp":"2024-12-05T13:55:00.537Z","ecs.version":"1.2.0","log.level":"INFO","message":"***************** URL Loaded ********************","process.thread.name":"main","log.logger":"qafox.testCases.ValidatingRegistration"}
{"@timestamp":"2024-12-05T13:56:34.629Z","ecs.version":"1.2.0","log.level":"INFO","message":"***************** Reading Property file ********************","process.thread.name":"main","log.logger":"qafox.testCases.ValidatingRegistration"}
{"@timestamp":"2024-12-05T13:56:34.631Z","ecs.version":"1.2.0","log.level":"INFO","message":"***************** Launching Chrome Browser ********************","process.thread.name":"main","log.logger":"qafox.testCases.ValidatingRegistration"}
{"@timestamp":"2024-12-05T13:56:36.661Z","ecs.version":"1.2.0","log.level":"INFO","message":"***************** URL Loaded ********************","process.thread.name":"main","log.logger":"qafox.testCases.ValidatingRegistration"}
{"@timestamp":"2024-12-05T13:59:23.807Z","ecs.version":"1.2.0","log.level":"INFO","message":"***************** Reading Property file ********************","process.thread.name":"main","log.logger":"qafox.testCases.ValidatingRegistration"}
{"@timestamp":"2024-12-05T13:59:23.809Z","ecs.version":"1.2.0","log.level":"INFO","message":"***************** Launching Chrome Browser ********************","process.thread.name":"main","log.logger":"qafox.testCases.ValidatingRegistration"}
{"@timestamp":"2024-12-05T13:59:25.901Z","ecs.version":"1.2.0","log.level":"INFO","message":"***************** URL Loaded ********************","process.thread.name":"main","log.logger":"qafox.testCases.ValidatingRegistration"}
